This is pdfTeX, Version 3.1415926-2.5-1.40.14 (TeX Live 2013/Debian) (format=pdflatex 2015.4.16)  18 MAY 2015 10:22
entering extended mode
 restricted \write18 enabled.
 %&-line parsing enabled.
**\RequirePackage[extension=.pdf]{texdepends}\input{example.tex}
(./texdepends.sty
Package: texdepends 2008/01/28 Automatic depends generation. v1.2.0
 (/usr/share/texlive/texmf-dist/tex/latex/base/ifthen.sty
Package: ifthen 2001/05/26 v1.1c Standard LaTeX ifthen package (DPC)
)
\TD@write=\write3
Package texdepends Info: Writing info in 'example.pdf.mk' on input line 113.
\openout3 = `example.pdf.mk'.

Package texdepends Info: Diverting macro '@fileswith@pti@ns' on input line 246.

Package texdepends Info: Diverting macro '@@fileswith@pti@ns' on input line 247
.
Package texdepends Info: Diverting macro '@onefilewithoptions' on input line 28
8.
Package texdepends Info: Diverting macro '@iinput' on input line 297.
Package texdepends Info: Diverting macro '@input@' on input line 298.
Package texdepends Info: Registering macro 'bibliography' for diversion on inpu
t line 341.
Package texdepends Info: Diverting macro 'bibliographystyle' on input line 342.

Package texdepends Info: Diverting macro 'makeindex' on input line 353.
Package texdepends Info: Diverting macro 'makeglossary' on input line 354.
)
(./example.tex (/usr/share/texlive/texmf-dist/tex/latex/base/article.cls
Document Class: article 2007/10/19 v1.4h Standard LaTeX document class
(/usr/share/texlive/texmf-dist/tex/latex/base/size10.clo
File: size10.clo 2007/10/19 v1.4h Standard LaTeX file (size option)
)
\c@part=\count79
\c@section=\count80
\c@subsection=\count81
\c@subsubsection=\count82
\c@paragraph=\count83
\c@subparagraph=\count84
\c@figure=\count85
\c@table=\count86
\abovecaptionskip=\skip41
\belowcaptionskip=\skip42
\bibindent=\dimen102
)
(/usr/share/texlive/texmf-dist/tex/latex/graphics/color.sty
Package: color 2005/11/14 v1.0j Standard LaTeX Color (DPC)

(/usr/share/texlive/texmf-dist/tex/latex/latexconfig/color.cfg
File: color.cfg 2007/01/18 v1.5 color configuration of teTeX/TeXLive
)
Package color Info: Driver file: pdftex.def on input line 130.

(/usr/share/texlive/texmf-dist/tex/latex/pdftex-def/pdftex.def
File: pdftex.def 2011/05/27 v0.06d Graphics/color for pdfTeX

(/usr/share/texlive/texmf-dist/tex/generic/oberdiek/infwarerr.sty
Package: infwarerr 2010/04/08 v1.3 Providing info/warning/error messages (HO)
)
(/usr/share/texlive/texmf-dist/tex/generic/oberdiek/ltxcmds.sty
Package: ltxcmds 2011/11/09 v1.22 LaTeX kernel commands for general use (HO)
)
\Gread@gobject=\count87
))
(./pdfswitch.sty
Package: pdfswitch 2003/07/12 Automatic switch between pdf and ps. v0.0.2
 (/usr/share/texlive/texmf-dist/tex/latex/ae/ae.sty
Package: ae 2001/02/12 1.3 Almost European Computer Modern

(/usr/share/texlive/texmf-dist/tex/latex/base/fontenc.sty
Package: fontenc 2005/09/27 v1.99g Standard LaTeX package

(/usr/share/texlive/texmf-dist/tex/latex/base/t1enc.def
File: t1enc.def 2005/09/27 v1.99g Standard LaTeX file
LaTeX Font Info:    Redeclaring font encoding T1 on input line 43.
)
LaTeX Font Info:    Try loading font information for T1+aer on input line 100.

(/usr/share/texlive/texmf-dist/tex/latex/ae/t1aer.fd
File: t1aer.fd 1997/11/16 Font definitions for T1/aer.
)))
(/usr/share/texlive/texmf-dist/tex/latex/aeguill/aeguill.sty
Package: aeguill 2003/08/02 1.02 AE fonts with french guillemets (D. Roegel)
)
(/usr/share/texlive/texmf-dist/tex/generic/oberdiek/ifpdf.sty
Package: ifpdf 2011/01/30 v2.3 Provides the ifpdf switch (HO)
Package ifpdf Info: pdfTeX in PDF mode is detected.
)
(/usr/share/texlive/texmf-dist/tex/latex/graphics/graphicx.sty
Package: graphicx 1999/02/16 v1.0f Enhanced LaTeX Graphics (DPC,SPQR)

(/usr/share/texlive/texmf-dist/tex/latex/graphics/keyval.sty
Package: keyval 1999/03/16 v1.13 key=value parser (DPC)
\KV@toks@=\toks14
)
(/usr/share/texlive/texmf-dist/tex/latex/graphics/graphics.sty
Package: graphics 2009/02/05 v1.0o Standard LaTeX Graphics (DPC,SPQR)

(/usr/share/texlive/texmf-dist/tex/latex/graphics/trig.sty
Package: trig 1999/03/16 v1.09 sin cos tan (DPC)
)
(/usr/share/texlive/texmf-dist/tex/latex/latexconfig/graphics.cfg
File: graphics.cfg 2010/04/23 v1.9 graphics configuration of TeX Live
)
Package graphics Info: Driver file: pdftex.def on input line 91.
)
Package texdepends Info: Postamble for package graphics on input line 25.
Package texdepends Info: Diverting macro 'graphicspath' on input line 25.
Package texdepends Info: Registering macro 'Gin@getbase' for diversion on input
 line 25.
Package texdepends Info: Registering macro 'Ginclude@eps' for diversion on inpu
t line 25.
Package texdepends Info: Registering macro 'Ginclude@pdf' for diversion on inpu
t line 25.
Package texdepends Info: Registering macro 'Gread@eps' for diversion on input l
ine 25.
Package texdepends Info: Registering macro 'Gread@pdf' for diversion on input l
ine 25.
\Gin@req@height=\dimen103
\Gin@req@width=\dimen104
)
(/usr/share/texlive/texmf-dist/tex/generic/thumbpdf/thumbpdf.sty
Package: thumbpdf 2012/04/18 v3.15 Inclusion of thumbnails (HO)


Package thumbpdf Warning: Compressed PDF objects of PDF 1.5 are not supported.


Package thumbpdf Warning: Thumbnail data file `example.tpt' not found.

) (/usr/share/texlive/texmf-dist/tex/latex/hyperref/hyperref.sty
Package: hyperref 2012/11/06 v6.83m Hypertext links for LaTeX

(/usr/share/texlive/texmf-dist/tex/generic/oberdiek/hobsub-hyperref.sty
Package: hobsub-hyperref 2012/05/28 v1.13 Bundle oberdiek, subset hyperref (HO)


(/usr/share/texlive/texmf-dist/tex/generic/oberdiek/hobsub-generic.sty
Package: hobsub-generic 2012/05/28 v1.13 Bundle oberdiek, subset generic (HO)
Package: hobsub 2012/05/28 v1.13 Construct package bundles (HO)
Package hobsub Info: Skipping package `infwarerr' (already loaded).
Package hobsub Info: Skipping package `ltxcmds' (already loaded).
Package: ifluatex 2010/03/01 v1.3 Provides the ifluatex switch (HO)
Package ifluatex Info: LuaTeX not detected.
Package: ifvtex 2010/03/01 v1.5 Detect VTeX and its facilities (HO)
Package ifvtex Info: VTeX not detected.
Package: intcalc 2007/09/27 v1.1 Expandable calculations with integers (HO)
Package hobsub Info: Skipping package `ifpdf' (already loaded).
Package: etexcmds 2011/02/16 v1.5 Avoid name clashes with e-TeX commands (HO)
Package etexcmds Info: Could not find \expanded.
(etexcmds)             That can mean that you are not using pdfTeX 1.50 or
(etexcmds)             that some package has redefined \expanded.
(etexcmds)             In the latter case, load this package earlier.
Package: kvsetkeys 2012/04/25 v1.16 Key value parser (HO)
Package: kvdefinekeys 2011/04/07 v1.3 Define keys (HO)
Package: pdftexcmds 2011/11/29 v0.20 Utility functions of pdfTeX for LuaTeX (HO
)
Package pdftexcmds Info: LuaTeX not detected.
Package pdftexcmds Info: \pdf@primitive is available.
Package pdftexcmds Info: \pdf@ifprimitive is available.
Package pdftexcmds Info: \pdfdraftmode found.
Package: pdfescape 2011/11/25 v1.13 Implements pdfTeX's escape features (HO)
Package: bigintcalc 2012/04/08 v1.3 Expandable calculations on big integers (HO
)
Package: bitset 2011/01/30 v1.1 Handle bit-vector datatype (HO)
Package: uniquecounter 2011/01/30 v1.2 Provide unlimited unique counter (HO)
)
Package hobsub Info: Skipping package `hobsub' (already loaded).
Package: letltxmacro 2010/09/02 v1.4 Let assignment for LaTeX macros (HO)
Package: hopatch 2012/05/28 v1.2 Wrapper for package hooks (HO)
Package: xcolor-patch 2011/01/30 xcolor patch
Package: atveryend 2011/06/30 v1.8 Hooks at the very end of document (HO)
Package atveryend Info: \enddocument detected (standard20110627).
Package: atbegshi 2011/10/05 v1.16 At begin shipout hook (HO)
Package: refcount 2011/10/16 v3.4 Data extraction from label references (HO)
Package: hycolor 2011/01/30 v1.7 Color options for hyperref/bookmark (HO)
)
(/usr/share/texlive/texmf-dist/tex/generic/ifxetex/ifxetex.sty
Package: ifxetex 2010/09/12 v0.6 Provides ifxetex conditional
)
(/usr/share/texlive/texmf-dist/tex/latex/oberdiek/auxhook.sty
Package: auxhook 2011/03/04 v1.3 Hooks for auxiliary files (HO)
)
(/usr/share/texlive/texmf-dist/tex/latex/oberdiek/kvoptions.sty
Package: kvoptions 2011/06/30 v3.11 Key value format for package options (HO)
)
\@linkdim=\dimen105
\Hy@linkcounter=\count88
\Hy@pagecounter=\count89

(/usr/share/texlive/texmf-dist/tex/latex/hyperref/pd1enc.def
File: pd1enc.def 2012/11/06 v6.83m Hyperref: PDFDocEncoding definition (HO)
)
\Hy@SavedSpaceFactor=\count90

(/usr/share/texlive/texmf-dist/tex/latex/latexconfig/hyperref.cfg
File: hyperref.cfg 2002/06/06 v1.2 hyperref configuration of TeXLive
)
Package hyperref Info: Option `bookmarks' set `true' on input line 4319.
Package hyperref Info: Option `bookmarksnumbered' set `true' on input line 4319
.
Package hyperref Info: Option `hypertexnames' set `false' on input line 4319.
Package hyperref Info: Option `breaklinks' set `true' on input line 4319.
Package hyperref Info: Option `colorlinks' set `true' on input line 4319.
Package hyperref Info: Option `plainpages' set `false' on input line 4319.
Package hyperref Info: Hyper figures OFF on input line 4443.
Package hyperref Info: Link nesting OFF on input line 4448.
Package hyperref Info: Hyper index ON on input line 4451.
Package hyperref Info: Plain pages OFF on input line 4458.
Package hyperref Info: Backreferencing OFF on input line 4463.
Package hyperref Info: Implicit mode ON; LaTeX internals redefined.
Package hyperref Info: Bookmarks ON on input line 4688.
\c@Hy@tempcnt=\count91

(/usr/share/texlive/texmf-dist/tex/latex/url/url.sty
\Urlmuskip=\muskip10
Package: url 2013/09/16  ver 3.4  Verb mode for urls, etc.
)
LaTeX Info: Redefining \url on input line 5041.
\XeTeXLinkMargin=\dimen106
\Fld@menulength=\count92
\Field@Width=\dimen107
\Fld@charsize=\dimen108
Package hyperref Info: Hyper figures OFF on input line 6295.
Package hyperref Info: Link nesting OFF on input line 6300.
Package hyperref Info: Hyper index ON on input line 6303.
Package hyperref Info: backreferencing OFF on input line 6310.
Package hyperref Info: Link coloring ON on input line 6313.
Package hyperref Info: Link coloring with OCG OFF on input line 6320.
Package hyperref Info: PDF/A mode OFF on input line 6325.
LaTeX Info: Redefining \ref on input line 6365.
LaTeX Info: Redefining \pageref on input line 6369.
\Hy@abspage=\count93
\c@Item=\count94
\c@Hfootnote=\count95
)

Package hyperref Message: Driver: hpdftex.

(/usr/share/texlive/texmf-dist/tex/latex/hyperref/hpdftex.def
File: hpdftex.def 2012/11/06 v6.83m Hyperref driver for pdfTeX
\Fld@listcount=\count96
\c@bookmark@seq@number=\count97

(/usr/share/texlive/texmf-dist/tex/latex/oberdiek/rerunfilecheck.sty
Package: rerunfilecheck 2011/04/15 v1.7 Rerun checks for auxiliary files (HO)
Package uniquecounter Info: New unique counter `rerunfilecheck' on input line 2
82.
)
\Hy@SectionHShift=\skip43
))
(./figlatex.sty
Package: figlatex 2011/09/25 v0.1.4 include fig and svg in LaTeX

***************************************
* Local config file figlatex.cfg used *
***************************************
(./figlatex.cfg) (/usr/share/texlive/texmf-dist/tex/latex/oberdiek/epstopdf.sty
Package: epstopdf 2010/02/09 v2.5 Conversion with epstopdf on the fly (HO)
(/usr/share/texlive/texmf-dist/tex/latex/oberdiek/epstopdf-base.sty
Package: epstopdf-base 2010/02/09 v2.5 Base part for package epstopdf

(/usr/share/texlive/texmf-dist/tex/latex/oberdiek/grfext.sty
Package: grfext 2010/08/19 v1.1 Manage graphics extensions (HO)
)
Package grfext Info: Graphics extension search list:
(grfext)             [.pdf,.eps]
(grfext)             \AppendGraphicsExtensions on input line 452.

(/usr/share/texlive/texmf-dist/tex/latex/latexconfig/epstopdf-sys.cfg
File: epstopdf-sys.cfg 2010/07/13 v1.3 Configuration of (r)epstopdf for TeX Liv
e
))))
Package texdepends Info: Postamble for package figlatex on input line 9.
Package texdepends Info: Registering macro 'FL@includerawtexgraphics' for diver
sion on input line 9.
Package texdepends Info: Registering macro 'Ginclude@rawtex' for diversion on i
nput line 9.
Package texdepends Info: Registering macro 'Ginclude@figtex' for diversion on i
nput line 9.
Package texdepends Info: Registering macro 'Ginclude@svgtex' for diversion on i
nput line 9.
Package texdepends Info: Registering macro 'Gread@figtex' for diversion on inpu
t line 9.
Package texdepends Info: Registering macro 'Gread@svgtex' for diversion on inpu
t line 9.
Package texdepends Info: Registering macro 'FL@subfig@check' for diversion on i
nput line 9.

(/usr/share/texlive/texmf-dist/tex/latex/subfigure/subfigure.sty
Package: subfigure 2002/03/15 v2.1.5 subfigure package
\subfigtopskip=\skip44
\subfigcapskip=\skip45
\subfigcaptopadj=\dimen109
\subfigbottomskip=\skip46
\subfigcapmargin=\dimen110
\subfiglabelskip=\skip47
\c@subfigure=\count98
\c@lofdepth=\count99
\c@subtable=\count100
\c@lotdepth=\count101

****************************************
* Local config file subfigure.cfg used *
****************************************
(/usr/share/texlive/texmf-dist/tex/latex/subfigure/subfigure.cfg)
\subfig@top=\skip48
\subfig@bottom=\skip49
)
(/usr/share/texlive/texmf-dist/tex/latex/boxedminipage/boxedminipage.sty)
(./example.aux)
\openout1 = `example.aux'.

LaTeX Font Info:    Checking defaults for OML/cmm/m/it on input line 20.
LaTeX Font Info:    ... okay on input line 20.
LaTeX Font Info:    Checking defaults for T1/cmr/m/n on input line 20.
LaTeX Font Info:    ... okay on input line 20.
LaTeX Font Info:    Checking defaults for OT1/cmr/m/n on input line 20.
LaTeX Font Info:    ... okay on input line 20.
LaTeX Font Info:    Checking defaults for OMS/cmsy/m/n on input line 20.
LaTeX Font Info:    ... okay on input line 20.
LaTeX Font Info:    Checking defaults for OMX/cmex/m/n on input line 20.
LaTeX Font Info:    ... okay on input line 20.
LaTeX Font Info:    Checking defaults for U/cmr/m/n on input line 20.
LaTeX Font Info:    ... okay on input line 20.
LaTeX Font Info:    Checking defaults for PD1/pdf/m/n on input line 20.
LaTeX Font Info:    ... okay on input line 20.
Package texdepends Info: Diverting registered macros... on input line 20.
Package texdepends Info: Diverting macro 'bibliography' on input line 20.
Package texdepends Info: Diverting macro 'Gin@getbase' on input line 20.


Package texdepends Warning: Diverting empty macro 'Ginclude@eps' 
(texdepends)                Probably a bug in texdepends.sty.

Package texdepends Info: Diverting macro 'Ginclude@pdf' on input line 20.
Package texdepends Info: Diverting macro 'Gread@eps' on input line 20.
Package texdepends Info: Diverting macro 'Gread@pdf' on input line 20.
Package texdepends Info: Diverting macro 'FL@includerawtexgraphics' on input li
ne 20.
Package texdepends Info: Diverting macro 'Ginclude@rawtex' on input line 20.
Package texdepends Info: Diverting macro 'Ginclude@figtex' on input line 20.
Package texdepends Info: Diverting macro 'Ginclude@svgtex' on input line 20.
Package texdepends Info: Diverting macro 'Gread@figtex' on input line 20.
Package texdepends Info: Diverting macro 'Gread@svgtex' on input line 20.
Package texdepends Info: Diverting macro 'FL@subfig@check' on input line 20.
Package texdepends Info: Divertions done on input line 20.
(/usr/share/texlive/texmf-dist/tex/context/base/supp-pdf.mkii
[Loading MPS to PDF converter (version 2006.09.02).]
\scratchcounter=\count102
\scratchdimen=\dimen111
\scratchbox=\box26
\nofMPsegments=\count103
\nofMParguments=\count104
\everyMPshowfont=\toks15
\MPscratchCnt=\count105
\MPscratchDim=\dimen112
\MPnumerator=\count106
\makeMPintoPDFobject=\count107
\everyMPtoPDFconversion=\toks16
)
\AtBeginShipoutBox=\box27
Package hyperref Info: Link coloring ON on input line 20.
 (/usr/share/texlive/texmf-dist/tex/latex/hyperref/nameref.sty
Package: nameref 2012/10/27 v2.43 Cross-referencing by name of section

(/usr/share/texlive/texmf-dist/tex/generic/oberdiek/gettitlestring.sty
Package: gettitlestring 2010/12/03 v1.4 Cleanup title references (HO)
)
\c@section@level=\count108
)
LaTeX Info: Redefining \ref on input line 20.
LaTeX Info: Redefining \pageref on input line 20.
LaTeX Info: Redefining \nameref on input line 20.

(./example.out) (./example.out)
\@outlinefile=\write4
\openout4 = `example.out'.

LaTeX Font Info:    External font `cmex10' loaded for size
(Font)              <12> on input line 23.
LaTeX Font Info:    External font `cmex10' loaded for size
(Font)              <8> on input line 23.
LaTeX Font Info:    External font `cmex10' loaded for size
(Font)              <6> on input line 23.

<fig/simple.pdftex, id=8, 525.965pt x 345.29pt>
File: fig/simple.fig Graphic file (type figtex)
 <fig/simple.fig>
File: fig/simple.pdftex_t Graphic file (type rawtex)

(./fig/simple.pdftex_t
File: fig/simple.pdftex Graphic file (type pdf)
 <use fig/simple.pdftex>
Package pdftex.def Info: fig/simple.pdftex used on input line 2.
(pdftex.def)             Requested size: 525.9637pt x 345.28914pt.
)
<fig/nab-a_1.pdftex, id=9, 140.525pt x 181.67876pt>
File: fig/nab-a_1.fig Graphic file (type figtex)
 <fig/nab-a_1.fig>
File: fig/nab-a_1.pdftex_t Graphic file (type rawtex)

(./fig/nab-a_1.pdftex_t
File: fig/nab-a_1.pdftex Graphic file (type pdf)
 <use fig/nab-a_1.pdftex>
Package pdftex.def Info: fig/nab-a_1.pdftex used on input line 2.
(pdftex.def)             Requested size: 140.52464pt x 181.6783pt.
)
<fig/nab-a_2.pdftex, id=10, 100.375pt x 181.67876pt>
File: fig/nab-a_2.fig Graphic file (type figtex)
 <fig/nab-a_2.fig>
File: fig/nab-a_2.pdftex_t Graphic file (type rawtex)

(./fig/nab-a_2.pdftex_t
File: fig/nab-a_2.pdftex Graphic file (type pdf)
 <use fig/nab-a_2.pdftex>
Package pdftex.def Info: fig/nab-a_2.pdftex used on input line 2.
(pdftex.def)             Requested size: 100.37474pt x 181.6783pt.
)
<fig/subrep/nab-b_3.pdftex, id=11, 100.375pt x 181.67876pt>
File: fig/subrep/nab-b_3.fig Graphic file (type figtex)

<fig/subrep/nab-b_3.fig>
File: fig/subrep/nab-b_3.pdftex_t Graphic file (type rawtex)
 (./fig/subrep/nab-b_3.pdftex_t
File: fig/subrep/nab-b_3.pdftex Graphic file (type pdf)

<use fig/subrep/nab-b_3.pdftex>
Package pdftex.def Info: fig/subrep/nab-b_3.pdftex used on input line 2.
(pdftex.def)             Requested size: 100.37474pt x 181.6783pt.
)
<fig/subrep/nab-b_4.pdftex, id=12, 100.375pt x 181.67876pt>
File: fig/subrep/nab-b_4.fig Graphic file (type figtex)

<fig/subrep/nab-b_4.fig>
File: fig/subrep/nab-b_4.pdftex_t Graphic file (type rawtex)
 (./fig/subrep/nab-b_4.pdftex_t
File: fig/subrep/nab-b_4.pdftex Graphic file (type pdf)

<use fig/subrep/nab-b_4.pdftex>
Package pdftex.def Info: fig/subrep/nab-b_4.pdftex used on input line 2.
(pdftex.def)             Requested size: 100.37474pt x 181.6783pt.
)
<fig2/nab-c_5.pdftex, id=13, 100.375pt x 181.67876pt>
File: fig2/nab-c_5.fig Graphic file (type figtex)
 <fig2/nab-c_5.fig>
File: fig2/nab-c_5.pdftex_t Graphic file (type rawtex)

(./fig2/nab-c_5.pdftex_t
File: fig2/nab-c_5.pdftex Graphic file (type pdf)
 <use fig2/nab-c_5.pdftex>
Package pdftex.def Info: fig2/nab-c_5.pdftex used on input line 2.
(pdftex.def)             Requested size: 100.37474pt x 181.6783pt.
)
<fig2/subrep2/nab-d_5.pdftex, id=14, 100.375pt x 181.67876pt>
File: fig2/subrep2/nab-d_5.fig Graphic file (type figtex)

<fig2/subrep2/nab-d_5.fig>
File: fig2/subrep2/nab-d_5.pdftex_t Graphic file (type rawtex)
 (./fig2/subrep2/nab-d_5.pdftex_t
File: fig2/subrep2/nab-d_5.pdftex Graphic file (type pdf)

<use fig2/subrep2/nab-d_5.pdftex>
Package pdftex.def Info: fig2/subrep2/nab-d_5.pdftex used on input line 2.
(pdftex.def)             Requested size: 100.37474pt x 181.6783pt.
)
LaTeX Font Info:    External font `cmex10' loaded for size
(Font)              <7> on input line 68.
LaTeX Font Info:    External font `cmex10' loaded for size
(Font)              <5> on input line 68.
LaTeX Font Info:    External font `cmex10' loaded for size
(Font)              <9> on input line 71.

<fig/logo_2.pdftex, id=21, 597.50786pt x 845.04686pt>
File: fig/logo_2.svg Graphic file (type svgtex)
 <fig/logo_2.svg>
File: fig/logo_2.pdftex_t Graphic file (type rawtex)

(./fig/logo_2.pdftex_t
File: fig/logo_2.pdftex Graphic file (type pdf)
 <use fig/logo_2.pdftex>
Package pdftex.def Info: fig/logo_2.pdftex used on input line 52.
(pdftex.def)             Requested size: 597.50786pt x 845.0448pt.
)
<fig/logo_1.pdftex, id=22, 597.50786pt x 845.04686pt>
File: fig/logo_1.svg Graphic file (type svgtex)
 <fig/logo_1.svg>
File: fig/logo_1.pdftex_t Graphic file (type rawtex)

(./fig/logo_1.pdftex_t
File: fig/logo_1.pdftex Graphic file (type pdf)
 <use fig/logo_1.pdftex>
Package pdftex.def Info: fig/logo_1.pdftex used on input line 52.
(pdftex.def)             Requested size: 597.50786pt x 845.0448pt.
)
<fig/logo_3.pdftex, id=23, 597.50786pt x 845.04686pt>
File: fig/logo_3.svg Graphic file (type svgtex)
 <fig/logo_3.svg>
File: fig/logo_3.pdftex_t Graphic file (type rawtex)

(./fig/logo_3.pdftex_t
File: fig/logo_3.pdftex Graphic file (type pdf)
 <use fig/logo_3.pdftex>
Package pdftex.def Info: fig/logo_3.pdftex used on input line 52.
(pdftex.def)             Requested size: 597.50786pt x 845.0448pt.
)
Package atveryend Info: Empty hook `BeforeClearDocument' on input line 106.
 [1

{/var/lib/texmf/fonts/map/pdftex/updmap/pdftex.map} <./fig/simple.pdftex>] [2 <
./fig/nab-a_1.pdftex> <./fig/nab-a_2.pdftex> <./fig/subrep/nab-b_3.pdftex> <./f
ig/subrep/nab-b_4.pdftex> <./fig2/nab-c_5.pdftex> <./fig2/subrep2/nab-d_5.pdfte
x>] [3 <./fig/logo_2.pdftex>] [4 <./fig/logo_1.pdftex>] [5 <./fig/logo_3.pdftex
>]
Package atveryend Info: Empty hook `AfterLastShipout' on input line 106.
 (./example.aux)
Package atveryend Info: Executing hook `AtVeryEndDocument' on input line 106.
Package atveryend Info: Executing hook `AtEndAfterFileList' on input line 106.
Package rerunfilecheck Info: File `example.out' has not changed.
(rerunfilecheck)             Checksum: F045B295FC84BA3D707350E0922554A4;49.
Package atveryend Info: Empty hook `AtVeryVeryEnd' on input line 106.
 ) 
Here is how much of TeX's memory you used:
 6083 strings out of 493304
 90799 string characters out of 6139871
 176023 words of memory out of 5000000
 9382 multiletter control sequences out of 15000+600000
 33477 words of font info for 71 fonts, out of 8000000 for 9000
 957 hyphenation exceptions out of 8191
 48i,14n,44p,359b,528s stack positions out of 5000i,500n,10000p,200000b,80000s
</usr/share/texlive/texmf-dist/fonts/type1/public/amsfonts/cm/cmbx12.pfb></us
r/share/texlive/texmf-dist/fonts/type1/public/amsfonts/cm/cmbx9.pfb></usr/share
/texlive/texmf-dist/fonts/type1/public/amsfonts/cm/cmmi7.pfb></usr/share/texliv
e/texmf-dist/fonts/type1/public/amsfonts/cm/cmmi9.pfb></usr/share/texlive/texmf
-dist/fonts/type1/public/amsfonts/cm/cmr10.pfb></usr/share/texlive/texmf-dist/f
onts/type1/public/amsfonts/cm/cmr12.pfb></usr/share/texlive/texmf-dist/fonts/ty
pe1/public/amsfonts/cm/cmr17.pfb></usr/share/texlive/texmf-dist/fonts/type1/pub
lic/amsfonts/cm/cmr8.pfb></usr/share/texlive/texmf-dist/fonts/type1/public/amsf
onts/cm/cmr9.pfb>
Output written on example.pdf (5 pages, 122656 bytes).
PDF statistics:
 133 PDF objects out of 1000 (max. 8388607)
 94 compressed objects within 1 object stream
 8 named destinations out of 1000 (max. 500000)
 59 words of extra memory for PDF output out of 10000 (max. 10000000)

