This is pdfTeX, Version 3.1415926-2.5-1.40.14 (TeX Live 2013/Debian) (format=pdflatex 2015.4.16)  18 MAY 2015 10:22
entering extended mode
 restricted \write18 enabled.
 %&-line parsing enabled.
**\RequirePackage[extension=.pdf]{texdepends}\input{figlatex.dtx}
(./texdepends.sty
Package: texdepends 2008/01/28 Automatic depends generation. v1.2.0
 (/usr/share/texlive/texmf-dist/tex/latex/base/ifthen.sty
Package: ifthen 2001/05/26 v1.1c Standard LaTeX ifthen package (DPC)
)
\TD@write=\write3
Package texdepends Info: Writing info in 'figlatex.pdf.mk' on input line 113.
\openout3 = `figlatex.pdf.mk'.

Package texdepends Info: Diverting macro '@fileswith@pti@ns' on input line 246.

Package texdepends Info: Diverting macro '@@fileswith@pti@ns' on input line 247
.
Package texdepends Info: Diverting macro '@onefilewithoptions' on input line 28
8.
Package texdepends Info: Diverting macro '@iinput' on input line 297.
Package texdepends Info: Diverting macro '@input@' on input line 298.
Package texdepends Info: Registering macro 'bibliography' for diversion on inpu
t line 341.
Package texdepends Info: Diverting macro 'bibliographystyle' on input line 342.

Package texdepends Info: Diverting macro 'makeindex' on input line 353.
Package texdepends Info: Diverting macro 'makeglossary' on input line 354.
)
(./figlatex.dtx
File: figlatex.dtx 2011/09/25 v0.1.4 include fig and svg in LaTeX
 (/usr/share/texlive/texmf-dist/tex/latex/base/ltxdoc.cls
Document Class: ltxdoc 2007/11/11 v2.0u Standard LaTeX documentation class
(/usr/share/texlive/texmf-dist/tex/latex/base/article.cls
Document Class: article 2007/10/19 v1.4h Standard LaTeX document class
(/usr/share/texlive/texmf-dist/tex/latex/base/size10.clo
File: size10.clo 2007/10/19 v1.4h Standard LaTeX file (size option)
)
\c@part=\count79
\c@section=\count80
\c@subsection=\count81
\c@subsubsection=\count82
\c@paragraph=\count83
\c@subparagraph=\count84
\c@figure=\count85
\c@table=\count86
\abovecaptionskip=\skip41
\belowcaptionskip=\skip42
\bibindent=\dimen102
)
(/usr/share/texlive/texmf-dist/tex/latex/base/doc.sty
Package: doc 2010/02/04 v2.1e Standard LaTeX documentation package (FMi)
\c@StandardModuleDepth=\count87
\guard@level=\count88
\MacrocodeTopsep=\skip43
\MacroIndent=\dimen103
\macro@cnt=\count89
\MacroTopsep=\skip44
\index@excludelist=\toks14

(/usr/share/texlive/texmf-dist/tex/latex/tools/multicol.sty
Package: multicol 2011/06/27 v1.7a multicolumn formatting (FMi)
\c@tracingmulticols=\count90
\mult@box=\box26
\multicol@leftmargin=\dimen104
\c@unbalance=\count91
\c@collectmore=\count92
\doublecol@number=\count93
\multicoltolerance=\count94
\multicolpretolerance=\count95
\full@width=\dimen105
\page@free=\dimen106
\premulticols=\dimen107
\postmulticols=\dimen108
\multicolsep=\skip45
\multicolbaselineskip=\skip46
\partial@page=\box27
\last@line=\box28
\mult@rightbox=\box29
\mult@grightbox=\box30
\mult@gfirstbox=\box31
\mult@firstbox=\box32
\@tempa=\box33
\@tempa=\box34
\@tempa=\box35
\@tempa=\box36
\@tempa=\box37
\@tempa=\box38
\@tempa=\box39
\@tempa=\box40
\@tempa=\box41
\@tempa=\box42
\@tempa=\box43
\@tempa=\box44
\@tempa=\box45
\@tempa=\box46
\@tempa=\box47
\@tempa=\box48
\@tempa=\box49
\c@columnbadness=\count96
\c@finalcolumnbadness=\count97
\last@try=\dimen109
\multicolovershoot=\dimen110
\multicolundershoot=\dimen111
\mult@nat@firstbox=\box50
\colbreak@box=\box51
\multicol@sort@counter=\count98
)
\IndexMin=\dimen112
\c@IndexColumns=\count99
\GlossaryMin=\dimen113
\c@GlossaryColumns=\count100
\check@sum=\count101
\bslash@cnt=\count102
\wrong@table=\toks15
\c@CodelineNo=\count103
)
Package texdepends Info: Postamble for package doc on input line 54.
Package texdepends Info: Registering macro 'PrintIndex' for diversion on input 
line 54.
Package texdepends Info: Registering macro 'PrintChanges' for diversion on inpu
t line 54.
)
(/usr/share/texlive/texmf-dist/tex/latex/base/inputenc.sty
Package: inputenc 2008/03/30 v1.1d Input encoding file
\inpenc@prehook=\toks16
\inpenc@posthook=\toks17

(/usr/share/texlive/texmf-dist/tex/latex/base/latin1.def
File: latin1.def 2008/03/30 v1.1d Input encoding file
))
(/usr/share/texlive/texmf-dist/tex/generic/babel/babel.sty
Package: babel 2013/12/03 3.9h The Babel package

(/usr/share/texlive/texmf-dist/tex/generic/babel-french/frenchb.ldf
Language: frenchb 2013/12/30 v2.6g French support from the babel system

(/usr/share/texlive/texmf-dist/tex/generic/babel/babel.def
File: babel.def 2013/12/03 3.9h Babel common definitions
\babel@savecnt=\count104
\U@D=\dimen114
)
\FB@interchartokenstateORI=\count105
Package babel Info: Making : an active character on input line 244.
Package babel Info: Making ; an active character on input line 245.
Package babel Info: Making ! an active character on input line 246.
Package babel Info: Making ? an active character on input line 247.
\FB@Mht=\dimen115
\std@mcc=\count106
\dec@mcc=\count107
\listindentFB=\skip47
\labelwidthFB=\skip48
\leftmarginFB=\skip49
\parindentFFN=\dimen116
)
(/usr/share/texlive/texmf-dist/tex/generic/babel-english/english.ldf
Language: english 2012/08/20 v3.3p English support from the babel system
\l@canadian = a dialect from \language\l@american 
\l@australian = a dialect from \language\l@british 
\l@newzealand = a dialect from \language\l@british 
))
(/usr/share/texlive/texmf-dist/tex/latex/carlisle/scalefnt.sty)
(/usr/share/texlive/texmf-dist/tex/latex/graphics/keyval.sty
Package: keyval 1999/03/16 v1.13 key=value parser (DPC)
\KV@toks@=\toks18
)
\@indexfile=\write4
\openout4 = `figlatex.idx'.


Writing index file figlatex.idx
\@glossaryfile=\write5
\openout5 = `figlatex.glo'.

Writing glossary file figlatex.glo 
(./figlatex.aux)
\openout1 = `figlatex.aux'.

LaTeX Font Info:    Checking defaults for OML/cmm/m/it on input line 52.
LaTeX Font Info:    ... okay on input line 52.
LaTeX Font Info:    Checking defaults for T1/cmr/m/n on input line 52.
LaTeX Font Info:    ... okay on input line 52.
LaTeX Font Info:    Checking defaults for OT1/cmr/m/n on input line 52.
LaTeX Font Info:    ... okay on input line 52.
LaTeX Font Info:    Checking defaults for OMS/cmsy/m/n on input line 52.
LaTeX Font Info:    ... okay on input line 52.
LaTeX Font Info:    Checking defaults for OMX/cmex/m/n on input line 52.
LaTeX Font Info:    ... okay on input line 52.
LaTeX Font Info:    Checking defaults for U/cmr/m/n on input line 52.
LaTeX Font Info:    ... okay on input line 52.
Package texdepends Info: Diverting registered macros... on input line 52.
Package texdepends Info: Diverting macro 'bibliography' on input line 52.
Package texdepends Info: Diverting macro 'PrintIndex' on input line 52.
Package texdepends Info: Diverting macro 'PrintChanges' on input line 52.
Package texdepends Info: Divertions done on input line 52.
Package doc Info: Made | a short reference for \verb on input line 52.
LaTeX Info: Redefining \degres on input line 52.
LaTeX Info: Redefining \dots on input line 52.
LaTeX Info: Redefining \up on input line 52.


Package frenchb.ldf Warning: OT1 encoding should not be used for French. 
(frenchb.ldf)                Add \usepackage[T1]{fontenc} to the preamble
(frenchb.ldf)                of your document, on input line 52.

(./figlatex.dtx
File: figlatex.dtx 2011/09/25 v0.1.4 include fig and svg in LaTeX
LaTeX Font Info:    External font `cmex10' loaded for size
(Font)              <17.28> on input line 98.
LaTeX Font Info:    External font `cmex10' loaded for size
(Font)              <12> on input line 98.
LaTeX Font Info:    External font `cmex10' loaded for size
(Font)              <8> on input line 98.
LaTeX Font Info:    External font `cmex10' loaded for size
(Font)              <6> on input line 98.
LaTeX Font Info:    External font `cmex10' loaded for size
(Font)              <5> on input line 98.
LaTeX Font Info:    External font `cmex10' loaded for size
(Font)              <9> on input line 100.
Package doc Info: | already a short reference for \verb(*) on input line 170.
LaTeX Font Info:    External font `cmex10' loaded for size
(Font)              <7> on input line 176.

Overfull \hbox (23.49669pt too wide) in paragraph at lines 175--178
[]\OT1/cmr/m/n/10 This pack-age al-lows to load XFig fig-ures from L[]T[]X sour
ces with the []\OT1/cmtt/m/n/10 \includegraphics
 []


LaTeX Warning: Marginpar on page 1 moved.


LaTeX Warning: Marginpar on page 1 moved.

[1

{/var/lib/texmf/fonts/map/pdftex/updmap/pdftex.map}] [2] [3]
Overfull \hbox (20.4164pt too wide) in paragraph at lines 398--401
\OT1/cmr/m/n/10 This com-mand is not re-ally nec-es-sary here (code could be ad
ded in []\OT1/cmtt/m/n/10 \Ginclude@figtex\OT1/cmr/m/n/10 ).
 []

[4]
Overfull \hbox (5.7765pt too wide) in paragraph at lines 406--408
\OT1/cmr/m/n/10 Addition of the []\OT1/cmtt/m/n/10 subfig=name \OT1/cmr/m/n/10 
key for the op-tions of the []\OT1/cmtt/m/n/10 \includegraphicx[..]{..}
 []

[5]
*******************
* Checksum passed *
*******************
) (./figlatex.ind [6]) (./figlatex.gls) [7] (./figlatex.aux) ) 
Here is how much of TeX's memory you used:
 1767 strings out of 493304
 24313 string characters out of 6139871
 111604 words of memory out of 5000000
 5231 multiletter control sequences out of 15000+600000
 11923 words of font info for 42 fonts, out of 8000000 for 9000
 957 hyphenation exceptions out of 8191
 37i,6n,27p,291b,347s stack positions out of 5000i,500n,10000p,200000b,80000s
</usr/share/texli
ve/texmf-dist/fonts/type1/public/amsfonts/cm/cmbx10.pfb></usr/share/texlive/tex
mf-dist/fonts/type1/public/amsfonts/cm/cmbx12.pfb></usr/share/texlive/texmf-dis
t/fonts/type1/public/amsfonts/cm/cmbx9.pfb></usr/share/texlive/texmf-dist/fonts
/type1/public/amsfonts/cm/cmcsc10.pfb></usr/share/texlive/texmf-dist/fonts/type
1/public/amsfonts/cm/cmmi9.pfb></usr/share/texlive/texmf-dist/fonts/type1/publi
c/amsfonts/cm/cmr10.pfb></usr/share/texlive/texmf-dist/fonts/type1/public/amsfo
nts/cm/cmr12.pfb></usr/share/texlive/texmf-dist/fonts/type1/public/amsfonts/cm/
cmr17.pfb></usr/share/texlive/texmf-dist/fonts/type1/public/amsfonts/cm/cmr6.pf
b></usr/share/texlive/texmf-dist/fonts/type1/public/amsfonts/cm/cmr7.pfb></usr/
share/texlive/texmf-dist/fonts/type1/public/amsfonts/cm/cmr8.pfb></usr/share/te
xlive/texmf-dist/fonts/type1/public/amsfonts/cm/cmr9.pfb></usr/share/texlive/te
xmf-dist/fonts/type1/public/amsfonts/cm/cmss17.pfb></usr/share/texlive/texmf-di
st/fonts/type1/public/amsfonts/cm/cmss9.pfb></usr/share/texlive/texmf-dist/font
s/type1/public/amsfonts/cm/cmsy10.pfb></usr/share/texlive/texmf-dist/fonts/type
1/public/amsfonts/cm/cmsy6.pfb></usr/share/texlive/texmf-dist/fonts/type1/publi
c/amsfonts/cm/cmsy9.pfb></usr/share/texlive/texmf-dist/fonts/type1/public/amsfo
nts/cm/cmti9.pfb></usr/share/texlive/texmf-dist/fonts/type1/public/amsfonts/cm/
cmtt10.pfb></usr/share/texlive/texmf-dist/fonts/type1/public/amsfonts/cm/cmtt9.
pfb>
Output written on figlatex.pdf (7 pages, 223850 bytes).
PDF statistics:
 108 PDF objects out of 1000 (max. 8388607)
 78 compressed objects within 1 object stream
 0 named destinations out of 1000 (max. 500000)
 1 words of extra memory for PDF output out of 10000 (max. 10000000)

