This is pdfTeX, Version 3.1415926-2.5-1.40.14 (TeX Live 2013/Debian) (format=pdflatex 2015.4.16)  18 MAY 2015 10:22
entering extended mode
 restricted \write18 enabled.
 %&-line parsing enabled.
**\RequirePackage[extension=.pdf]{texdepends}\input{latex-make.dtx}
(./texdepends.sty
Package: texdepends 2008/01/28 Automatic depends generation. v1.2.0
 (/usr/share/texlive/texmf-dist/tex/latex/base/ifthen.sty
Package: ifthen 2001/05/26 v1.1c Standard LaTeX ifthen package (DPC)
)
\TD@write=\write3
Package texdepends Info: Writing info in 'latex-make.pdf.mk' on input line 113.

\openout3 = `latex-make.pdf.mk'.

Package texdepends Info: Diverting macro '@fileswith@pti@ns' on input line 246.

Package texdepends Info: Diverting macro '@@fileswith@pti@ns' on input line 247
.
Package texdepends Info: Diverting macro '@onefilewithoptions' on input line 28
8.
Package texdepends Info: Diverting macro '@iinput' on input line 297.
Package texdepends Info: Diverting macro '@input@' on input line 298.
Package texdepends Info: Registering macro 'bibliography' for diversion on inpu
t line 341.
Package texdepends Info: Diverting macro 'bibliographystyle' on input line 342.

Package texdepends Info: Diverting macro 'makeindex' on input line 353.
Package texdepends Info: Diverting macro 'makeglossary' on input line 354.
)
(./latex-make.dtx
File: latex-make.dtx 2012/03/17 v2.1.2 Makefile for LaTeX
 (/usr/share/texlive/texmf-dist/tex/latex/base/ltxdoc.cls
Document Class: ltxdoc 2007/11/11 v2.0u Standard LaTeX documentation class
(/usr/share/texlive/texmf-dist/tex/latex/base/article.cls
Document Class: article 2007/10/19 v1.4h Standard LaTeX document class
(/usr/share/texlive/texmf-dist/tex/latex/base/size10.clo
File: size10.clo 2007/10/19 v1.4h Standard LaTeX file (size option)
)
\c@part=\count79
\c@section=\count80
\c@subsection=\count81
\c@subsubsection=\count82
\c@paragraph=\count83
\c@subparagraph=\count84
\c@figure=\count85
\c@table=\count86
\abovecaptionskip=\skip41
\belowcaptionskip=\skip42
\bibindent=\dimen102
)
(/usr/share/texlive/texmf-dist/tex/latex/base/doc.sty
Package: doc 2010/02/04 v2.1e Standard LaTeX documentation package (FMi)
\c@StandardModuleDepth=\count87
\guard@level=\count88
\MacrocodeTopsep=\skip43
\MacroIndent=\dimen103
\macro@cnt=\count89
\MacroTopsep=\skip44
\index@excludelist=\toks14

(/usr/share/texlive/texmf-dist/tex/latex/tools/multicol.sty
Package: multicol 2011/06/27 v1.7a multicolumn formatting (FMi)
\c@tracingmulticols=\count90
\mult@box=\box26
\multicol@leftmargin=\dimen104
\c@unbalance=\count91
\c@collectmore=\count92
\doublecol@number=\count93
\multicoltolerance=\count94
\multicolpretolerance=\count95
\full@width=\dimen105
\page@free=\dimen106
\premulticols=\dimen107
\postmulticols=\dimen108
\multicolsep=\skip45
\multicolbaselineskip=\skip46
\partial@page=\box27
\last@line=\box28
\mult@rightbox=\box29
\mult@grightbox=\box30
\mult@gfirstbox=\box31
\mult@firstbox=\box32
\@tempa=\box33
\@tempa=\box34
\@tempa=\box35
\@tempa=\box36
\@tempa=\box37
\@tempa=\box38
\@tempa=\box39
\@tempa=\box40
\@tempa=\box41
\@tempa=\box42
\@tempa=\box43
\@tempa=\box44
\@tempa=\box45
\@tempa=\box46
\@tempa=\box47
\@tempa=\box48
\@tempa=\box49
\c@columnbadness=\count96
\c@finalcolumnbadness=\count97
\last@try=\dimen109
\multicolovershoot=\dimen110
\multicolundershoot=\dimen111
\mult@nat@firstbox=\box50
\colbreak@box=\box51
\multicol@sort@counter=\count98
)
\IndexMin=\dimen112
\c@IndexColumns=\count99
\GlossaryMin=\dimen113
\c@GlossaryColumns=\count100
\check@sum=\count101
\bslash@cnt=\count102
\wrong@table=\toks15
\c@CodelineNo=\count103
)
Package texdepends Info: Postamble for package doc on input line 54.
Package texdepends Info: Registering macro 'PrintIndex' for diversion on input 
line 54.
Package texdepends Info: Registering macro 'PrintChanges' for diversion on inpu
t line 54.
)
(/usr/share/texlive/texmf-dist/tex/latex/a4wide/a4wide.sty
Package: a4wide 1994/08/30

(/usr/share/texlive/texmf-dist/tex/latex/ntgclass/a4.sty
Package: a4 2004/04/15 v1.2g A4 based page layout
))
(/usr/share/texlive/texmf-dist/tex/latex/base/inputenc.sty
Package: inputenc 2008/03/30 v1.1d Input encoding file
\inpenc@prehook=\toks16
\inpenc@posthook=\toks17

(/usr/share/texlive/texmf-dist/tex/latex/base/latin1.def
File: latin1.def 2008/03/30 v1.1d Input encoding file
))
(/usr/share/texlive/texmf-dist/tex/latex/base/fontenc.sty
Package: fontenc 2005/09/27 v1.99g Standard LaTeX package

(/usr/share/texlive/texmf-dist/tex/latex/base/t1enc.def
File: t1enc.def 2005/09/27 v1.99g Standard LaTeX file
LaTeX Font Info:    Redeclaring font encoding T1 on input line 43.
))
(/usr/share/texlive/texmf-dist/tex/latex/psnfss/palatino.sty
Package: palatino 2005/04/12 PSNFSS-v9.2a (SPQR) 
) (./pdfswitch.sty
Package: pdfswitch 2003/07/12 Automatic switch between pdf and ps. v0.0.2

(/usr/share/texlive/texmf-dist/tex/latex/ae/ae.sty
Package: ae 2001/02/12 1.3 Almost European Computer Modern

(/usr/share/texlive/texmf-dist/tex/latex/base/fontenc.sty
Package: fontenc 2005/09/27 v1.99g Standard LaTeX package

(/usr/share/texlive/texmf-dist/tex/latex/base/t1enc.def
File: t1enc.def 2005/09/27 v1.99g Standard LaTeX file
LaTeX Font Info:    Redeclaring font encoding T1 on input line 43.
)
LaTeX Font Info:    Try loading font information for T1+aer on input line 100.

(/usr/share/texlive/texmf-dist/tex/latex/ae/t1aer.fd
File: t1aer.fd 1997/11/16 Font definitions for T1/aer.
)))
(/usr/share/texlive/texmf-dist/tex/latex/aeguill/aeguill.sty
Package: aeguill 2003/08/02 1.02 AE fonts with french guillemets (D. Roegel)
)
(/usr/share/texlive/texmf-dist/tex/latex/graphics/color.sty
Package: color 2005/11/14 v1.0j Standard LaTeX Color (DPC)

(/usr/share/texlive/texmf-dist/tex/latex/latexconfig/color.cfg
File: color.cfg 2007/01/18 v1.5 color configuration of teTeX/TeXLive
)
Package color Info: Driver file: pdftex.def on input line 130.

(/usr/share/texlive/texmf-dist/tex/latex/pdftex-def/pdftex.def
File: pdftex.def 2011/05/27 v0.06d Graphics/color for pdfTeX

(/usr/share/texlive/texmf-dist/tex/generic/oberdiek/infwarerr.sty
Package: infwarerr 2010/04/08 v1.3 Providing info/warning/error messages (HO)
)
(/usr/share/texlive/texmf-dist/tex/generic/oberdiek/ltxcmds.sty
Package: ltxcmds 2011/11/09 v1.22 LaTeX kernel commands for general use (HO)
)
\Gread@gobject=\count104
))
(/usr/share/texlive/texmf-dist/tex/generic/oberdiek/ifpdf.sty
Package: ifpdf 2011/01/30 v2.3 Provides the ifpdf switch (HO)
Package ifpdf Info: pdfTeX in PDF mode is detected.
)
(/usr/share/texlive/texmf-dist/tex/latex/graphics/graphicx.sty
Package: graphicx 1999/02/16 v1.0f Enhanced LaTeX Graphics (DPC,SPQR)

(/usr/share/texlive/texmf-dist/tex/latex/graphics/keyval.sty
Package: keyval 1999/03/16 v1.13 key=value parser (DPC)
\KV@toks@=\toks18
)
(/usr/share/texlive/texmf-dist/tex/latex/graphics/graphics.sty
Package: graphics 2009/02/05 v1.0o Standard LaTeX Graphics (DPC,SPQR)

(/usr/share/texlive/texmf-dist/tex/latex/graphics/trig.sty
Package: trig 1999/03/16 v1.09 sin cos tan (DPC)
)
(/usr/share/texlive/texmf-dist/tex/latex/latexconfig/graphics.cfg
File: graphics.cfg 2010/04/23 v1.9 graphics configuration of TeX Live
)
Package graphics Info: Driver file: pdftex.def on input line 91.
)
Package texdepends Info: Postamble for package graphics on input line 25.
Package texdepends Info: Diverting macro 'graphicspath' on input line 25.
Package texdepends Info: Registering macro 'Gin@getbase' for diversion on input
 line 25.
Package texdepends Info: Registering macro 'Ginclude@eps' for diversion on inpu
t line 25.
Package texdepends Info: Registering macro 'Ginclude@pdf' for diversion on inpu
t line 25.
Package texdepends Info: Registering macro 'Gread@eps' for diversion on input l
ine 25.
Package texdepends Info: Registering macro 'Gread@pdf' for diversion on input l
ine 25.
\Gin@req@height=\dimen114
\Gin@req@width=\dimen115
)
(/usr/share/texlive/texmf-dist/tex/generic/thumbpdf/thumbpdf.sty
Package: thumbpdf 2012/04/18 v3.15 Inclusion of thumbnails (HO)


Package thumbpdf Warning: Compressed PDF objects of PDF 1.5 are not supported.


Package thumbpdf Warning: Thumbnail data file `latex-make.tpt' not found.

) (/usr/share/texlive/texmf-dist/tex/latex/hyperref/hyperref.sty
Package: hyperref 2012/11/06 v6.83m Hypertext links for LaTeX

(/usr/share/texlive/texmf-dist/tex/generic/oberdiek/hobsub-hyperref.sty
Package: hobsub-hyperref 2012/05/28 v1.13 Bundle oberdiek, subset hyperref (HO)


(/usr/share/texlive/texmf-dist/tex/generic/oberdiek/hobsub-generic.sty
Package: hobsub-generic 2012/05/28 v1.13 Bundle oberdiek, subset generic (HO)
Package: hobsub 2012/05/28 v1.13 Construct package bundles (HO)
Package hobsub Info: Skipping package `infwarerr' (already loaded).
Package hobsub Info: Skipping package `ltxcmds' (already loaded).
Package: ifluatex 2010/03/01 v1.3 Provides the ifluatex switch (HO)
Package ifluatex Info: LuaTeX not detected.
Package: ifvtex 2010/03/01 v1.5 Detect VTeX and its facilities (HO)
Package ifvtex Info: VTeX not detected.
Package: intcalc 2007/09/27 v1.1 Expandable calculations with integers (HO)
Package hobsub Info: Skipping package `ifpdf' (already loaded).
Package: etexcmds 2011/02/16 v1.5 Avoid name clashes with e-TeX commands (HO)
Package etexcmds Info: Could not find \expanded.
(etexcmds)             That can mean that you are not using pdfTeX 1.50 or
(etexcmds)             that some package has redefined \expanded.
(etexcmds)             In the latter case, load this package earlier.
Package: kvsetkeys 2012/04/25 v1.16 Key value parser (HO)
Package: kvdefinekeys 2011/04/07 v1.3 Define keys (HO)
Package: pdftexcmds 2011/11/29 v0.20 Utility functions of pdfTeX for LuaTeX (HO
)
Package pdftexcmds Info: LuaTeX not detected.
Package pdftexcmds Info: \pdf@primitive is available.
Package pdftexcmds Info: \pdf@ifprimitive is available.
Package pdftexcmds Info: \pdfdraftmode found.
Package: pdfescape 2011/11/25 v1.13 Implements pdfTeX's escape features (HO)
Package: bigintcalc 2012/04/08 v1.3 Expandable calculations on big integers (HO
)
Package: bitset 2011/01/30 v1.1 Handle bit-vector datatype (HO)
Package: uniquecounter 2011/01/30 v1.2 Provide unlimited unique counter (HO)
)
Package hobsub Info: Skipping package `hobsub' (already loaded).
Package: letltxmacro 2010/09/02 v1.4 Let assignment for LaTeX macros (HO)
Package: hopatch 2012/05/28 v1.2 Wrapper for package hooks (HO)
Package: xcolor-patch 2011/01/30 xcolor patch
Package: atveryend 2011/06/30 v1.8 Hooks at the very end of document (HO)
Package atveryend Info: \enddocument detected (standard20110627).
Package: atbegshi 2011/10/05 v1.16 At begin shipout hook (HO)
Package: refcount 2011/10/16 v3.4 Data extraction from label references (HO)
Package: hycolor 2011/01/30 v1.7 Color options for hyperref/bookmark (HO)
)
(/usr/share/texlive/texmf-dist/tex/generic/ifxetex/ifxetex.sty
Package: ifxetex 2010/09/12 v0.6 Provides ifxetex conditional
)
(/usr/share/texlive/texmf-dist/tex/latex/oberdiek/auxhook.sty
Package: auxhook 2011/03/04 v1.3 Hooks for auxiliary files (HO)
)
(/usr/share/texlive/texmf-dist/tex/latex/oberdiek/kvoptions.sty
Package: kvoptions 2011/06/30 v3.11 Key value format for package options (HO)
)
\@linkdim=\dimen116
\Hy@linkcounter=\count105
\Hy@pagecounter=\count106

(/usr/share/texlive/texmf-dist/tex/latex/hyperref/pd1enc.def
File: pd1enc.def 2012/11/06 v6.83m Hyperref: PDFDocEncoding definition (HO)
)
\Hy@SavedSpaceFactor=\count107

(/usr/share/texlive/texmf-dist/tex/latex/latexconfig/hyperref.cfg
File: hyperref.cfg 2002/06/06 v1.2 hyperref configuration of TeXLive
)
Package hyperref Info: Option `bookmarks' set `true' on input line 4319.
Package hyperref Info: Option `bookmarksnumbered' set `true' on input line 4319
.
Package hyperref Info: Option `hypertexnames' set `false' on input line 4319.
Package hyperref Info: Option `breaklinks' set `true' on input line 4319.
Package hyperref Info: Option `colorlinks' set `true' on input line 4319.
Package hyperref Info: Option `plainpages' set `false' on input line 4319.
Package hyperref Info: Hyper figures OFF on input line 4443.
Package hyperref Info: Link nesting OFF on input line 4448.
Package hyperref Info: Hyper index ON on input line 4451.
Package hyperref Info: Plain pages OFF on input line 4458.
Package hyperref Info: Backreferencing OFF on input line 4463.
Package hyperref Info: Implicit mode ON; LaTeX internals redefined.
Package hyperref Info: Bookmarks ON on input line 4688.
\c@Hy@tempcnt=\count108

(/usr/share/texlive/texmf-dist/tex/latex/url/url.sty
\Urlmuskip=\muskip10
Package: url 2013/09/16  ver 3.4  Verb mode for urls, etc.
)
LaTeX Info: Redefining \url on input line 5041.
\XeTeXLinkMargin=\dimen117
\Fld@menulength=\count109
\Field@Width=\dimen118
\Fld@charsize=\dimen119
Package hyperref Info: Hyper figures OFF on input line 6295.
Package hyperref Info: Link nesting OFF on input line 6300.
Package hyperref Info: Hyper index ON on input line 6303.
Package hyperref Info: backreferencing OFF on input line 6310.
Package hyperref Info: Link coloring ON on input line 6313.
Package hyperref Info: Link coloring with OCG OFF on input line 6320.
Package hyperref Info: PDF/A mode OFF on input line 6325.
LaTeX Info: Redefining \ref on input line 6365.
LaTeX Info: Redefining \pageref on input line 6369.
\Hy@abspage=\count110
\c@Item=\count111
\c@Hfootnote=\count112
)

Package hyperref Message: Driver: hpdftex.

(/usr/share/texlive/texmf-dist/tex/latex/hyperref/hpdftex.def
File: hpdftex.def 2012/11/06 v6.83m Hyperref driver for pdfTeX
\Fld@listcount=\count113
\c@bookmark@seq@number=\count114

(/usr/share/texlive/texmf-dist/tex/latex/oberdiek/rerunfilecheck.sty
Package: rerunfilecheck 2011/04/15 v1.7 Rerun checks for auxiliary files (HO)
Package uniquecounter Info: New unique counter `rerunfilecheck' on input line 2
82.
)
\Hy@SectionHShift=\skip47
))
(/usr/share/texlive/texmf-dist/tex/latex/tools/array.sty
Package: array 2008/09/09 v2.4c Tabular extension package (FMi)
\col@sep=\dimen120
\extrarowheight=\dimen121
\NC@list=\toks19
\extratabsurround=\skip48
\backup@length=\skip49
)
(/usr/share/texlive/texmf-dist/tex/latex/tools/tabularx.sty
Package: tabularx 1999/01/07 v2.07 `tabularx' package (DPC)
\TX@col@width=\dimen122
\TX@old@table=\dimen123
\TX@old@col=\dimen124
\TX@target=\dimen125
\TX@delta=\dimen126
\TX@cols=\count115
\TX@ftn=\toks20
)
(/usr/share/texlive/texmf-dist/tex/latex/boxedminipage/boxedminipage.sty)
\@indexfile=\write4
\openout4 = `latex-make.idx'.


Writing index file latex-make.idx
\@glossaryfile=\write5
\openout5 = `latex-make.glo'.

Writing glossary file latex-make.glo 
(./latex-make.aux)
\openout1 = `latex-make.aux'.

LaTeX Font Info:    Checking defaults for OML/cmm/m/it on input line 45.
LaTeX Font Info:    ... okay on input line 45.
LaTeX Font Info:    Checking defaults for T1/cmr/m/n on input line 45.
LaTeX Font Info:    ... okay on input line 45.
LaTeX Font Info:    Checking defaults for OT1/cmr/m/n on input line 45.
LaTeX Font Info:    ... okay on input line 45.
LaTeX Font Info:    Checking defaults for OMS/cmsy/m/n on input line 45.
LaTeX Font Info:    ... okay on input line 45.
LaTeX Font Info:    Checking defaults for OMX/cmex/m/n on input line 45.
LaTeX Font Info:    ... okay on input line 45.
LaTeX Font Info:    Checking defaults for U/cmr/m/n on input line 45.
LaTeX Font Info:    ... okay on input line 45.
LaTeX Font Info:    Checking defaults for PD1/pdf/m/n on input line 45.
LaTeX Font Info:    ... okay on input line 45.
Package texdepends Info: Diverting registered macros... on input line 45.
Package texdepends Info: Diverting macro 'bibliography' on input line 45.
Package texdepends Info: Diverting macro 'PrintIndex' on input line 45.
Package texdepends Info: Diverting macro 'PrintChanges' on input line 45.
Package texdepends Info: Diverting macro 'Gin@getbase' on input line 45.


Package texdepends Warning: Diverting empty macro 'Ginclude@eps' 
(texdepends)                Probably a bug in texdepends.sty.

Package texdepends Info: Diverting macro 'Ginclude@pdf' on input line 45.
Package texdepends Info: Diverting macro 'Gread@eps' on input line 45.
Package texdepends Info: Diverting macro 'Gread@pdf' on input line 45.
Package texdepends Info: Divertions done on input line 45.
Package doc Info: Made | a short reference for \verb on input line 45.
(/usr/share/texlive/texmf-dist/tex/context/base/supp-pdf.mkii
[Loading MPS to PDF converter (version 2006.09.02).]
\scratchcounter=\count116
\scratchdimen=\dimen127
\scratchbox=\box52
\nofMPsegments=\count117
\nofMParguments=\count118
\everyMPshowfont=\toks21
\MPscratchCnt=\count119
\MPscratchDim=\dimen128
\MPnumerator=\count120
\makeMPintoPDFobject=\count121
\everyMPtoPDFconversion=\toks22
) (/usr/share/texlive/texmf-dist/tex/latex/oberdiek/epstopdf-base.sty
Package: epstopdf-base 2010/02/09 v2.5 Base part for package epstopdf

(/usr/share/texlive/texmf-dist/tex/latex/oberdiek/grfext.sty
Package: grfext 2010/08/19 v1.1 Manage graphics extensions (HO)
)
Package grfext Info: Graphics extension search list:
(grfext)             [.pdf,.eps]
(grfext)             \AppendGraphicsExtensions on input line 452.

(/usr/share/texlive/texmf-dist/tex/latex/latexconfig/epstopdf-sys.cfg
File: epstopdf-sys.cfg 2010/07/13 v1.3 Configuration of (r)epstopdf for TeX Liv
e
))
\AtBeginShipoutBox=\box53
Package hyperref Info: Link coloring ON on input line 45.

(/usr/share/texlive/texmf-dist/tex/latex/hyperref/nameref.sty
Package: nameref 2012/10/27 v2.43 Cross-referencing by name of section

(/usr/share/texlive/texmf-dist/tex/generic/oberdiek/gettitlestring.sty
Package: gettitlestring 2010/12/03 v1.4 Cleanup title references (HO)
)
\c@section@level=\count122
)
LaTeX Info: Redefining \ref on input line 45.
LaTeX Info: Redefining \pageref on input line 45.
LaTeX Info: Redefining \nameref on input line 45.

(./latex-make.out) (./latex-make.out)
\@outlinefile=\write6
\openout6 = `latex-make.out'.

 (./latex-make.dtx
LaTeX Font Info:    External font `cmex10' loaded for size
(Font)              <17.28> on input line 99.
LaTeX Font Info:    External font `cmex10' loaded for size
(Font)              <12> on input line 99.
LaTeX Font Info:    External font `cmex10' loaded for size
(Font)              <8> on input line 99.
LaTeX Font Info:    External font `cmex10' loaded for size
(Font)              <6> on input line 99.
LaTeX Font Info:    External font `cmex10' loaded for size
(Font)              <5> on input line 99.
LaTeX Font Info:    External font `cmex10' loaded for size
(Font)              <9> on input line 100.
LaTeX Font Info:    Try loading font information for T1+aett on input line 102.


(/usr/share/texlive/texmf-dist/tex/latex/ae/t1aett.fd
File: t1aett.fd 1997/11/16 Font definitions for T1/aett.
)
Package doc Info: | already a short reference for \verb(*) on input line 171.
 (./latex-make.toc
LaTeX Font Info:    External font `cmex10' loaded for size
(Font)              <7> on input line 3.
)
\tf@toc=\write7
\openout7 = `latex-make.toc'.


[1

{/var/lib/texmf/fonts/map/pdftex/updmap/pdftex.map}]

LaTeX Font Warning: Font shape `T1/aett/bx/n' undefined
(Font)              using `T1/aett/m/n' instead on input line 232.

[2] [3]
LaTeX Font Info:    Try loading font information for OMS+aer on input line 379.

 (/usr/share/texlive/texmf-dist/tex/latex/ae/omsaer.fd
File: omsaer.fd 1999/12/27
)
LaTeX Font Info:    Font shape `OMS/aer/m/n' in size <10> not available
(Font)              Font shape `OMS/cmsy/m/n' tried instead on input line 379.
 [4]
Overfull \hbox (16.64899pt too wide) in paragraph at lines 422--425
| \T1/aett/bx/n/10 $$(eval $$(call lu-create-flavor,DVIPDF,dvi,DVIPDFM,.pdf,pdf
,DVI)) 
 []

\c@nbvars=\count123
[5]
Underfull \hbox (badness 1616) in paragraph at lines 517--522
 []\T1/aer/bx/n/10 Tip:[] \T1/aer/m/n/10 if not de-fined, \T1/aett/bx/n/10 LU_\
T1/aett/m/it/10 variable \T1/aer/m/n/10 de-faults to ``\T1/aett/bx/n/10 $(\T1/a
ett/m/it/10 variable\T1/aett/bx/n/10 ) $(_LU_\T1/aett/m/it/10 variable\T1/aett/
bx/n/10 )\T1/aer/m/n/10 '' and
 []


Underfull \hbox (badness 10000) in paragraph at lines 527--542

 []


Underfull \hbox (badness 10000) in paragraph at lines 527--542
\T1/aett/bx/n/10 #   (the PDF fla-vor will be the only one for baz)
 []

[6]
Overfull \hbox (7.26569pt too wide) in paragraph at lines 573--628
   [] 
 []

[7] [8]
Underfull \hbox (badness 10000) in paragraph at lines 659--669

 []

[9]
Overfull \hbox (1.08206pt too wide) in paragraph at lines 1578--1578
 [][]\T1/aett/m/n/9 $(info ****************************************************
****************************) 
 []


Underfull \hbox (badness 10000) in paragraph at lines 1578--1578
 [][]\T1/aett/m/n/9 $(info Warn-ing: $(MAKE) -f $(LU_LaTeX.mk_NAME) MAKE="$(MAK
E) -
 []


Overfull \hbox (1.08206pt too wide) in paragraph at lines 1578--1578
 [][]\T1/aett/m/n/9 $(info ****************************************************
****************************) 
 []

[10] [11]
Underfull \hbox (badness 10000) in paragraph at lines 1578--1578
 [][]\T1/aett/m/n/9 lu-show-read-var=$(eval $(call lu-show-infos,debug-vars,,  
Read-
 []


Underfull \hbox (badness 10000) in paragraph at lines 1578--1578
 [][]\T1/aett/m/n/9 lu-show-readone-var=$(eval $(call lu-show-infos,debug-vars,
,  Read-
 []


Overfull \hbox (10.51392pt too wide) in paragraph at lines 1578--1578
 [][]\T1/aett/m/n/9 lu-show-set-var=$(call lu-show-infos,debug-vars,,  * Set-ti
ng $(1) for $(2) to value: $(3)) 
 []


Underfull \hbox (badness 10000) in paragraph at lines 1578--1578
 [][]\T1/aett/m/n/9 lu-show-add-var=$(call lu-show-infos,debug-vars,,  * Adding
 to $(1) for $(2) val-
 []


Underfull \hbox (badness 10000) in paragraph at lines 1578--1578
 [][]\T1/aett/m/n/9 lu-show-add-var2=$(call lu-show-infos,warning,,  * Adding t
o $(1) for $(2) val-
 []

[12]
Overfull \hbox (19.94577pt too wide) in paragraph at lines 1578--1578
 [][]\T1/aett/m/n/9 $(if $(fil-ter-out un-de-fined,$(origin LU_$2$1)),$(LU_$2$1
),$($2$1) $(_LU_$2$1_MK) $(TD_$2$1)) 
 []


Underfull \hbox (badness 10000) in paragraph at lines 1578--1578
 [][]\T1/aett/m/n/9 define lu-define-addvar # 1:suf-fix_fnname 2:CTX 3:disp-deb
ug 4:nb_args 5:in-her-
 []

[13]
Overfull \hbox (24.6617pt too wide) in paragraph at lines 1578--1578
 [][]\T1/aett/m/n/9 $(eval $(call lu-define-addvar,,$$2$$(call lu-getvalue-flav
or,EXT,$$3)_,target $$2$$(call lu-
 []


Underfull \hbox (badness 10000) in paragraph at lines 1578--1578
 [][]\T1/aett/m/n/9 $(eval $(call lu-define-addvar,-index,$$2$$(call lu-getvalu
e-
 []

[14] [15] [16] [17] [18] [19]
Underfull \hbox (badness 10000) in paragraph at lines 1578--1578
 [][]   \T1/aett/m/n/9 $$(call lu-show-rules,=> Skip-ping: al-ready de-fined in
 fla-
 []

[20]
Overfull \hbox (1.08206pt too wide) in paragraph at lines 1578--1578
 [][]    \T1/aett/m/n/9 $$(eval $$(call lu-master-texflavor-index-vars,$(1),$(2
),$$(type),$$(index),$(3))))) 
 []

[21]
Overfull \hbox (5.79799pt too wide) in paragraph at lines 1578--1578
 [][]    \T1/aett/m/n/9 $$(eval $$(call lu-master-texflavor-index-rules,$(1),$(
2),$$(type),$$(index),$(3))))) 
 []


Underfull \hbox (badness 10000) in paragraph at lines 1578--1578
 [][] \T1/aett/m/n/9 $(1)$(3): %$(3): %$$(call lu-getvalue-flavor,EXT,$$(call l
u-getvalue-
 []

[22] [23] [24]
Underfull \hbox (badness 10000) in paragraph at lines 1578--1578
 [][]\T1/aett/m/n/9 $(COMMON_HIDE)if grep -sq '^Package texde-pends Warn-ing: .
* Check de-pen-den-
 []

[25]
Underfull \hbox (badness 10000) in paragraph at lines 1625--1625
 [][]\T1/aett/m/n/9 $(COMMON_HIDE)sed -e '/^Package bibtopic Warn-ing: Please (
re)run Bib-
 []


Underfull \hbox (badness 10000) in paragraph at lines 1625--1625
 \T1/aett/m/n/9 TeX on the file(s):$$/,/^(bibtopic) *and af-ter that re-run La-

 []

[26]
Underfull \hbox (badness 10000) in paragraph at lines 1758--1758
 [][]    \T1/aett/m/n/9 - make-file pour creer les sous-images (au for-mat .fig
 ou .svg), et pour les sup-
 []

[27]
Underfull \hbox (badness 10000) in paragraph at lines 1758--1758
 [][]    \T1/aett/m/n/9 parser = Op-tion-Parser(usage='usage: %prog [op-tions] 
svg file', de-scrip-
 []

[28] [29] [30]
Underfull \hbox (badness 10000) in paragraph at lines 1938--1938
 [][]    \T1/aett/m/n/9 def Start-Doc-type-De-clHan-dler(self, doc-type-Name, s
ys-temId, pub-li-
 []

*******************
* Checksum passed *
*******************
) (./latex-make.ind [31]) (./latex-make.gls)
Package atveryend Info: Empty hook `BeforeClearDocument' on input line 49.
 [32]
Package atveryend Info: Empty hook `AfterLastShipout' on input line 49.
 (./latex-make.aux)
Package atveryend Info: Executing hook `AtVeryEndDocument' on input line 49.
Package atveryend Info: Executing hook `AtEndAfterFileList' on input line 49.
Package rerunfilecheck Info: File `latex-make.out' has not changed.
(rerunfilecheck)             Checksum: 96A7250E7F2D619E501AB037D76B3B2F;1900.


LaTeX Font Warning: Some font shapes were not available, defaults substituted.

Package atveryend Info: Empty hook `AtVeryVeryEnd' on input line 49.
 ) 
Here is how much of TeX's memory you used:
 6480 strings out of 493304
 95520 string characters out of 6139871
 211301 words of memory out of 5000000
 9676 multiletter control sequences out of 15000+600000
 52702 words of font info for 106 fonts, out of 8000000 for 9000
 957 hyphenation exceptions out of 8191
 47i,11n,31p,336b,493s stack positions out of 5000i,500n,10000p,200000b,80000s
</usr/share/texlive/texmf-dist/fonts/type1/public/amsfonts/cm/cmbx10.pfb></us
r/share/texlive/texmf-dist/fonts/type1/public/amsfonts/cm/cmbx12.pfb></usr/shar
e/texlive/texmf-dist/fonts/type1/public/amsfonts/cm/cmbx7.pfb></usr/share/texli
ve/texmf-dist/fonts/type1/public/amsfonts/cm/cmbx9.pfb></usr/share/texlive/texm
f-dist/fonts/type1/public/amsfonts/cm/cmbxti10.pfb></usr/share/texlive/texmf-di
st/fonts/type1/public/amsfonts/cm/cmcsc10.pfb></usr/share/texlive/texmf-dist/fo
nts/type1/public/amsfonts/cm/cmitt10.pfb></usr/share/texlive/texmf-dist/fonts/t
ype1/public/amsfonts/cm/cmmi9.pfb></usr/share/texlive/texmf-dist/fonts/type1/pu
blic/amsfonts/cm/cmr10.pfb></usr/share/texlive/texmf-dist/fonts/type1/public/am
sfonts/cm/cmr12.pfb></usr/share/texlive/texmf-dist/fonts/type1/public/amsfonts/
cm/cmr17.pfb></usr/share/texlive/texmf-dist/fonts/type1/public/amsfonts/cm/cmr6
.pfb></usr/share/texlive/texmf-dist/fonts/type1/public/amsfonts/cm/cmr7.pfb></u
sr/share/texlive/texmf-dist/fonts/type1/public/amsfonts/cm/cmr8.pfb></usr/share
/texlive/texmf-dist/fonts/type1/public/amsfonts/cm/cmr9.pfb></usr/share/texlive
/texmf-dist/fonts/type1/public/amsfonts/cm/cmss9.pfb></usr/share/texlive/texmf-
dist/fonts/type1/public/amsfonts/cm/cmsy10.pfb></usr/share/texlive/texmf-dist/f
onts/type1/public/amsfonts/cm/cmsy6.pfb></usr/share/texlive/texmf-dist/fonts/ty
pe1/public/amsfonts/cm/cmsy9.pfb></usr/share/texlive/texmf-dist/fonts/type1/pub
lic/amsfonts/cm/cmti10.pfb></usr/share/texlive/texmf-dist/fonts/type1/public/am
sfonts/cm/cmtt10.pfb></usr/share/texlive/texmf-dist/fonts/type1/public/amsfonts
/cm/cmtt8.pfb></usr/share/texlive/texmf-dist/fonts/type1/public/amsfonts/cm/cmt
t9.pfb>
Output written on latex-make.pdf (32 pages, 337769 bytes).
PDF statistics:
 414 PDF objects out of 1000 (max. 8388607)
 353 compressed objects within 4 object streams
 78 named destinations out of 1000 (max. 500000)
 217 words of extra memory for PDF output out of 10000 (max. 10000000)

